{"C:\\laragon\\www\\e-commerce-vue\\services\\product-service\\src\\app.js": {"path":"C:\\laragon\\www\\e-commerce-vue\\services\\product-service\\src\\app.js","statementMap":{"0":{"start":{"line":8,"column":0},"end":{"line":8,"column":16}},"1":{"start":{"line":10,"column":12},"end":{"line":10,"column":21}},"2":{"start":{"line":11,"column":13},"end":{"line":11,"column":37}},"3":{"start":{"line":13,"column":0},"end":{"line":13,"column":66}},"4":{"start":{"line":16,"column":0},"end":{"line":18,"column":1}},"5":{"start":{"line":17,"column":2},"end":{"line":17,"column":14}},"6":{"start":{"line":21,"column":0},"end":{"line":21,"column":16}},"7":{"start":{"line":22,"column":0},"end":{"line":22,"column":24}},"8":{"start":{"line":25,"column":0},"end":{"line":25,"column":40}},"9":{"start":{"line":26,"column":0},"end":{"line":26,"column":33}},"10":{"start":{"line":29,"column":0},"end":{"line":31,"column":3}},"11":{"start":{"line":30,"column":2},"end":{"line":30,"column":57}},"12":{"start":{"line":33,"column":0},"end":{"line":37,"column":1}},"13":{"start":{"line":34,"column":2},"end":{"line":36,"column":5}},"14":{"start":{"line":35,"column":4},"end":{"line":35,"column":59}}},"fnMap":{"0":{"name":"(anonymous_0)","decl":{"start":{"line":29,"column":23},"end":{"line":29,"column":24}},"loc":{"start":{"line":29,"column":37},"end":{"line":31,"column":1}},"line":29},"1":{"name":"(anonymous_1)","decl":{"start":{"line":34,"column":19},"end":{"line":34,"column":20}},"loc":{"start":{"line":34,"column":25},"end":{"line":36,"column":3}},"line":34}},"branchMap":{"0":{"loc":{"start":{"line":11,"column":13},"end":{"line":11,"column":37}},"type":"binary-expr","locations":[{"start":{"line":11,"column":13},"end":{"line":11,"column":29}},{"start":{"line":11,"column":33},"end":{"line":11,"column":37}}],"line":11},"1":{"loc":{"start":{"line":16,"column":0},"end":{"line":18,"column":1}},"type":"if","locations":[{"start":{"line":16,"column":0},"end":{"line":18,"column":1}},{"start":{},"end":{}}],"line":16},"2":{"loc":{"start":{"line":33,"column":0},"end":{"line":37,"column":1}},"type":"if","locations":[{"start":{"line":33,"column":0},"end":{"line":37,"column":1}},{"start":{},"end":{}}],"line":33}},"s":{"0":1,"1":1,"2":1,"3":1,"4":1,"5":0,"6":1,"7":1,"8":1,"9":1,"10":1,"11":0,"12":1,"13":0,"14":0},"f":{"0":0,"1":0},"b":{"0":[1,1],"1":[0,1],"2":[0,1]},"inputSourceMap":null,"_coverageSchema":"1a1c01bbd47fc00a2c39e90264f33305004495a9","hash":"2de1cc318af110d3d80f4618f47b270440aee3ef"}
,"C:\\laragon\\www\\e-commerce-vue\\services\\product-service\\src\\config\\database.js": {"path":"C:\\laragon\\www\\e-commerce-vue\\services\\product-service\\src\\config\\database.js","statementMap":{"0":{"start":{"line":4,"column":25},"end":{"line":19,"column":1}},"1":{"start":{"line":5,"column":2},"end":{"line":18,"column":3}},"2":{"start":{"line":7,"column":4},"end":{"line":10,"column":5}},"3":{"start":{"line":8,"column":6},"end":{"line":8,"column":59}},"4":{"start":{"line":9,"column":6},"end":{"line":9,"column":13}},"5":{"start":{"line":12,"column":17},"end":{"line":12,"column":64}},"6":{"start":{"line":13,"column":4},"end":{"line":13,"column":62}},"7":{"start":{"line":15,"column":4},"end":{"line":15,"column":45}},"8":{"start":{"line":17,"column":4},"end":{"line":17,"column":32}}},"fnMap":{"0":{"name":"(anonymous_0)","decl":{"start":{"line":4,"column":25},"end":{"line":4,"column":26}},"loc":{"start":{"line":4,"column":37},"end":{"line":19,"column":1}},"line":4}},"branchMap":{"0":{"loc":{"start":{"line":7,"column":4},"end":{"line":10,"column":5}},"type":"if","locations":[{"start":{"line":7,"column":4},"end":{"line":10,"column":5}},{"start":{},"end":{}}],"line":7},"1":{"loc":{"start":{"line":7,"column":8},"end":{"line":7,"column":79}},"type":"binary-expr","locations":[{"start":{"line":7,"column":8},"end":{"line":7,"column":44}},{"start":{"line":7,"column":48},"end":{"line":7,"column":79}}],"line":7}},"s":{"0":1,"1":0,"2":0,"3":0,"4":0,"5":0,"6":0,"7":0,"8":0},"f":{"0":0},"b":{"0":[0,0],"1":[0,0]},"inputSourceMap":null,"_coverageSchema":"1a1c01bbd47fc00a2c39e90264f33305004495a9","hash":"48805d1f16393ab9688a3167e1bfd3dd72ca843b"}
,"C:\\laragon\\www\\e-commerce-vue\\services\\product-service\\src\\controllers\\productController.js": {"path":"C:\\laragon\\www\\e-commerce-vue\\services\\product-service\\src\\controllers\\productController.js","statementMap":{"0":{"start":{"line":3,"column":30},"end":{"line":10,"column":1}},"1":{"start":{"line":4,"column":2},"end":{"line":9,"column":3}},"2":{"start":{"line":5,"column":21},"end":{"line":5,"column":41}},"3":{"start":{"line":6,"column":4},"end":{"line":6,"column":23}},"4":{"start":{"line":8,"column":4},"end":{"line":8,"column":53}},"5":{"start":{"line":12,"column":29},"end":{"line":26,"column":1}},"6":{"start":{"line":13,"column":2},"end":{"line":25,"column":3}},"7":{"start":{"line":14,"column":20},"end":{"line":19,"column":6}},"8":{"start":{"line":21,"column":23},"end":{"line":21,"column":43}},"9":{"start":{"line":22,"column":4},"end":{"line":22,"column":37}},"10":{"start":{"line":24,"column":4},"end":{"line":24,"column":53}},"11":{"start":{"line":28,"column":30},"end":{"line":38,"column":1}},"12":{"start":{"line":29,"column":2},"end":{"line":37,"column":3}},"13":{"start":{"line":30,"column":20},"end":{"line":30,"column":57}},"14":{"start":{"line":31,"column":4},"end":{"line":33,"column":5}},"15":{"start":{"line":32,"column":6},"end":{"line":32,"column":69}},"16":{"start":{"line":34,"column":4},"end":{"line":34,"column":22}},"17":{"start":{"line":36,"column":4},"end":{"line":36,"column":53}},"18":{"start":{"line":40,"column":29},"end":{"line":54,"column":1}},"19":{"start":{"line":41,"column":2},"end":{"line":53,"column":3}},"20":{"start":{"line":42,"column":20},"end":{"line":46,"column":5}},"21":{"start":{"line":47,"column":4},"end":{"line":49,"column":5}},"22":{"start":{"line":48,"column":6},"end":{"line":48,"column":69}},"23":{"start":{"line":50,"column":4},"end":{"line":50,"column":22}},"24":{"start":{"line":52,"column":4},"end":{"line":52,"column":53}},"25":{"start":{"line":56,"column":29},"end":{"line":66,"column":1}},"26":{"start":{"line":57,"column":2},"end":{"line":65,"column":3}},"27":{"start":{"line":58,"column":20},"end":{"line":58,"column":66}},"28":{"start":{"line":59,"column":4},"end":{"line":61,"column":5}},"29":{"start":{"line":60,"column":6},"end":{"line":60,"column":69}},"30":{"start":{"line":62,"column":4},"end":{"line":62,"column":46}},"31":{"start":{"line":64,"column":4},"end":{"line":64,"column":53}}},"fnMap":{"0":{"name":"(anonymous_0)","decl":{"start":{"line":3,"column":30},"end":{"line":3,"column":31}},"loc":{"start":{"line":3,"column":50},"end":{"line":10,"column":1}},"line":3},"1":{"name":"(anonymous_1)","decl":{"start":{"line":12,"column":29},"end":{"line":12,"column":30}},"loc":{"start":{"line":12,"column":49},"end":{"line":26,"column":1}},"line":12},"2":{"name":"(anonymous_2)","decl":{"start":{"line":28,"column":30},"end":{"line":28,"column":31}},"loc":{"start":{"line":28,"column":50},"end":{"line":38,"column":1}},"line":28},"3":{"name":"(anonymous_3)","decl":{"start":{"line":40,"column":29},"end":{"line":40,"column":30}},"loc":{"start":{"line":40,"column":49},"end":{"line":54,"column":1}},"line":40},"4":{"name":"(anonymous_4)","decl":{"start":{"line":56,"column":29},"end":{"line":56,"column":30}},"loc":{"start":{"line":56,"column":49},"end":{"line":66,"column":1}},"line":56}},"branchMap":{"0":{"loc":{"start":{"line":31,"column":4},"end":{"line":33,"column":5}},"type":"if","locations":[{"start":{"line":31,"column":4},"end":{"line":33,"column":5}},{"start":{},"end":{}}],"line":31},"1":{"loc":{"start":{"line":47,"column":4},"end":{"line":49,"column":5}},"type":"if","locations":[{"start":{"line":47,"column":4},"end":{"line":49,"column":5}},{"start":{},"end":{}}],"line":47},"2":{"loc":{"start":{"line":59,"column":4},"end":{"line":61,"column":5}},"type":"if","locations":[{"start":{"line":59,"column":4},"end":{"line":61,"column":5}},{"start":{},"end":{}}],"line":59}},"s":{"0":1,"1":1,"2":1,"3":1,"4":0,"5":1,"6":1,"7":1,"8":1,"9":1,"10":0,"11":1,"12":1,"13":1,"14":1,"15":0,"16":1,"17":0,"18":1,"19":0,"20":0,"21":0,"22":0,"23":0,"24":0,"25":1,"26":0,"27":0,"28":0,"29":0,"30":0,"31":0},"f":{"0":1,"1":1,"2":1,"3":0,"4":0},"b":{"0":[0,1],"1":[0,0],"2":[0,0]},"inputSourceMap":null,"_coverageSchema":"1a1c01bbd47fc00a2c39e90264f33305004495a9","hash":"0fdd915059fce8ca8b8527b28aaa58895bf888b0"}
,"C:\\laragon\\www\\e-commerce-vue\\services\\product-service\\src\\models\\cart.js": {"path":"C:\\laragon\\www\\e-commerce-vue\\services\\product-service\\src\\models\\cart.js","statementMap":{"0":{"start":{"line":3,"column":19},"end":{"line":22,"column":2}}},"fnMap":{},"branchMap":{},"s":{"0":1},"f":{},"b":{},"inputSourceMap":null,"_coverageSchema":"1a1c01bbd47fc00a2c39e90264f33305004495a9","hash":"e5372a48a080e1a6e91b079d4ce4f02a60d2cb40"}
,"C:\\laragon\\www\\e-commerce-vue\\services\\product-service\\src\\models\\product.js": {"path":"C:\\laragon\\www\\e-commerce-vue\\services\\product-service\\src\\models\\product.js","statementMap":{"0":{"start":{"line":3,"column":22},"end":{"line":27,"column":2}}},"fnMap":{},"branchMap":{},"s":{"0":1},"f":{},"b":{},"inputSourceMap":null,"_coverageSchema":"1a1c01bbd47fc00a2c39e90264f33305004495a9","hash":"eb5184a72c5e8192df205b99b7f4c4d0e26670fa"}
,"C:\\laragon\\www\\e-commerce-vue\\services\\product-service\\src\\routes\\cartRoutes.js": {"path":"C:\\laragon\\www\\e-commerce-vue\\services\\product-service\\src\\routes\\cartRoutes.js","statementMap":{"0":{"start":{"line":5,"column":15},"end":{"line":5,"column":31}},"1":{"start":{"line":8,"column":0},"end":{"line":22,"column":3}},"2":{"start":{"line":9,"column":2},"end":{"line":21,"column":3}},"3":{"start":{"line":10,"column":19},"end":{"line":10,"column":37}},"4":{"start":{"line":11,"column":15},"end":{"line":11,"column":73}},"5":{"start":{"line":13,"column":4},"end":{"line":16,"column":5}},"6":{"start":{"line":14,"column":6},"end":{"line":14,"column":45}},"7":{"start":{"line":15,"column":6},"end":{"line":15,"column":24}},"8":{"start":{"line":18,"column":4},"end":{"line":18,"column":19}},"9":{"start":{"line":20,"column":4},"end":{"line":20,"column":53}},"10":{"start":{"line":25,"column":0},"end":{"line":51,"column":3}},"11":{"start":{"line":26,"column":2},"end":{"line":50,"column":3}},"12":{"start":{"line":27,"column":34},"end":{"line":27,"column":42}},"13":{"start":{"line":28,"column":15},"end":{"line":28,"column":45}},"14":{"start":{"line":30,"column":4},"end":{"line":32,"column":5}},"15":{"start":{"line":31,"column":6},"end":{"line":31,"column":45}},"16":{"start":{"line":34,"column":25},"end":{"line":36,"column":5}},"17":{"start":{"line":35,"column":6},"end":{"line":35,"column":45}},"18":{"start":{"line":38,"column":4},"end":{"line":42,"column":5}},"19":{"start":{"line":39,"column":6},"end":{"line":39,"column":33}},"20":{"start":{"line":41,"column":6},"end":{"line":41,"column":50}},"21":{"start":{"line":44,"column":4},"end":{"line":44,"column":22}},"22":{"start":{"line":45,"column":4},"end":{"line":45,"column":50}},"23":{"start":{"line":47,"column":4},"end":{"line":47,"column":19}},"24":{"start":{"line":49,"column":4},"end":{"line":49,"column":53}},"25":{"start":{"line":54,"column":0},"end":{"line":75,"column":3}},"26":{"start":{"line":55,"column":2},"end":{"line":74,"column":3}},"27":{"start":{"line":56,"column":19},"end":{"line":56,"column":37}},"28":{"start":{"line":57,"column":22},"end":{"line":57,"column":42}},"29":{"start":{"line":59,"column":17},"end":{"line":59,"column":47}},"30":{"start":{"line":60,"column":4},"end":{"line":62,"column":5}},"31":{"start":{"line":61,"column":6},"end":{"line":61,"column":68}},"32":{"start":{"line":64,"column":4},"end":{"line":66,"column":6}},"33":{"start":{"line":65,"column":6},"end":{"line":65,"column":45}},"34":{"start":{"line":68,"column":4},"end":{"line":68,"column":22}},"35":{"start":{"line":69,"column":4},"end":{"line":69,"column":43}},"36":{"start":{"line":71,"column":4},"end":{"line":71,"column":19}},"37":{"start":{"line":73,"column":4},"end":{"line":73,"column":53}}},"fnMap":{"0":{"name":"(anonymous_0)","decl":{"start":{"line":8,"column":16},"end":{"line":8,"column":17}},"loc":{"start":{"line":8,"column":36},"end":{"line":22,"column":1}},"line":8},"1":{"name":"(anonymous_1)","decl":{"start":{"line":25,"column":20},"end":{"line":25,"column":21}},"loc":{"start":{"line":25,"column":40},"end":{"line":51,"column":1}},"line":25},"2":{"name":"(anonymous_2)","decl":{"start":{"line":34,"column":41},"end":{"line":34,"column":42}},"loc":{"start":{"line":35,"column":6},"end":{"line":35,"column":45}},"line":35},"3":{"name":"(anonymous_3)","decl":{"start":{"line":54,"column":36},"end":{"line":54,"column":37}},"loc":{"start":{"line":54,"column":56},"end":{"line":75,"column":1}},"line":54},"4":{"name":"(anonymous_4)","decl":{"start":{"line":64,"column":35},"end":{"line":64,"column":36}},"loc":{"start":{"line":65,"column":6},"end":{"line":65,"column":45}},"line":65}},"branchMap":{"0":{"loc":{"start":{"line":13,"column":4},"end":{"line":16,"column":5}},"type":"if","locations":[{"start":{"line":13,"column":4},"end":{"line":16,"column":5}},{"start":{},"end":{}}],"line":13},"1":{"loc":{"start":{"line":30,"column":4},"end":{"line":32,"column":5}},"type":"if","locations":[{"start":{"line":30,"column":4},"end":{"line":32,"column":5}},{"start":{},"end":{}}],"line":30},"2":{"loc":{"start":{"line":38,"column":4},"end":{"line":42,"column":5}},"type":"if","locations":[{"start":{"line":38,"column":4},"end":{"line":42,"column":5}},{"start":{"line":40,"column":11},"end":{"line":42,"column":5}}],"line":38},"3":{"loc":{"start":{"line":60,"column":4},"end":{"line":62,"column":5}},"type":"if","locations":[{"start":{"line":60,"column":4},"end":{"line":62,"column":5}},{"start":{},"end":{}}],"line":60}},"s":{"0":1,"1":1,"2":0,"3":0,"4":0,"5":0,"6":0,"7":0,"8":0,"9":0,"10":1,"11":0,"12":0,"13":0,"14":0,"15":0,"16":0,"17":0,"18":0,"19":0,"20":0,"21":0,"22":0,"23":0,"24":0,"25":1,"26":0,"27":0,"28":0,"29":0,"30":0,"31":0,"32":0,"33":0,"34":0,"35":0,"36":0,"37":0},"f":{"0":0,"1":0,"2":0,"3":0,"4":0},"b":{"0":[0,0],"1":[0,0],"2":[0,0],"3":[0,0]},"inputSourceMap":null,"_coverageSchema":"1a1c01bbd47fc00a2c39e90264f33305004495a9","hash":"84cf2129ff71bd5e5d7dbf307b8a3e3f5240d834"}
,"C:\\laragon\\www\\e-commerce-vue\\services\\product-service\\src\\routes\\productRoutes.js": {"path":"C:\\laragon\\www\\e-commerce-vue\\services\\product-service\\src\\routes\\productRoutes.js","statementMap":{"0":{"start":{"line":4,"column":15},"end":{"line":4,"column":31}},"1":{"start":{"line":6,"column":0},"end":{"line":6,"column":50}},"2":{"start":{"line":7,"column":0},"end":{"line":7,"column":53}},"3":{"start":{"line":8,"column":0},"end":{"line":8,"column":50}},"4":{"start":{"line":9,"column":0},"end":{"line":9,"column":52}},"5":{"start":{"line":10,"column":0},"end":{"line":10,"column":55}}},"fnMap":{},"branchMap":{},"s":{"0":1,"1":1,"2":1,"3":1,"4":1,"5":1},"f":{},"b":{},"inputSourceMap":null,"_coverageSchema":"1a1c01bbd47fc00a2c39e90264f33305004495a9","hash":"221d5af00c5d6b789e00e5277c79393cd1e92d93"}
}
